Performing C++ SOURCE FILE Test SEAL_MEMSET_S_FOUND failed with the following compile output:
Change Dir: /nfshome/bjung022/Project/ShaftDB/build/CMakeFiles/CMakeTmp

Run Build Command(s):/usr/bin/make -f Makefile cmTC_9bba4/fast && make: Warning: File 'Makefile' has modification time 0.1 s in the future
/usr/bin/make  -f CMakeFiles/cmTC_9bba4.dir/build.make CMakeFiles/cmTC_9bba4.dir/build
make[1]: Entering directory '/nfshome/bjung022/Project/ShaftDB/build/CMakeFiles/CMakeTmp'
make[1]: Warning: File 'CMakeFiles/cmTC_9bba4.dir/flags.make' has modification time 0.093 s in the future
Building CXX object CMakeFiles/cmTC_9bba4.dir/src.cxx.o
/usr/bin/c++ -DSEAL_MEMSET_S_FOUND  -g  -fPIE -std=gnu++17 -o CMakeFiles/cmTC_9bba4.dir/src.cxx.o -c /nfshome/bjung022/Project/ShaftDB/build/CMakeFiles/CMakeTmp/src.cxx
/nfshome/bjung022/Project/ShaftDB/build/CMakeFiles/CMakeTmp/src.cxx: In function ‘int main()’:
/nfshome/bjung022/Project/ShaftDB/build/CMakeFiles/CMakeTmp/src.cxx:7:17: error: ‘memset_s’ was not declared in this scope; did you mean ‘memset’?
    7 |         int r = memset_s(str, sizeof(str), 'a', 5);
      |                 ^~~~~~~~
      |                 memset
make[1]: *** [CMakeFiles/cmTC_9bba4.dir/build.make:78: CMakeFiles/cmTC_9bba4.dir/src.cxx.o] Error 1
make[1]: Leaving directory '/nfshome/bjung022/Project/ShaftDB/build/CMakeFiles/CMakeTmp'
make: *** [Makefile:127: cmTC_9bba4/fast] Error 2


...and run output:

Return value: 1
Source file was:

    #define __STDC_WANT_LIB_EXT1__ 1
    #include <string.h>
    int main(void)
    {
        char str[] = "ghghghghghghghghghghgh";
        int r = memset_s(str, sizeof(str), 'a', 5);
        return r;
    }
Determining if the explicit_memset exist failed with the following output:
Change Dir: /nfshome/bjung022/Project/ShaftDB/build/CMakeFiles/CMakeTmp

Run Build Command(s):/usr/bin/make -f Makefile cmTC_9eeeb/fast && make: Warning: File 'Makefile' has modification time 0.1 s in the future
/usr/bin/make  -f CMakeFiles/cmTC_9eeeb.dir/build.make CMakeFiles/cmTC_9eeeb.dir/build
make[1]: Entering directory '/nfshome/bjung022/Project/ShaftDB/build/CMakeFiles/CMakeTmp'
make[1]: Warning: File 'CMakeFiles/cmTC_9eeeb.dir/flags.make' has modification time 0.096 s in the future
Building C object CMakeFiles/cmTC_9eeeb.dir/CheckSymbolExists.c.o
/usr/bin/cc   -fPIE -o CMakeFiles/cmTC_9eeeb.dir/CheckSymbolExists.c.o -c /nfshome/bjung022/Project/ShaftDB/build/CMakeFiles/CMakeTmp/CheckSymbolExists.c
/nfshome/bjung022/Project/ShaftDB/build/CMakeFiles/CMakeTmp/CheckSymbolExists.c: In function ‘main’:
/nfshome/bjung022/Project/ShaftDB/build/CMakeFiles/CMakeTmp/CheckSymbolExists.c:8:19: error: ‘explicit_memset’ undeclared (first use in this function)
    8 |   return ((int*)(&explicit_memset))[argc];
      |                   ^~~~~~~~~~~~~~~
/nfshome/bjung022/Project/ShaftDB/build/CMakeFiles/CMakeTmp/CheckSymbolExists.c:8:19: note: each undeclared identifier is reported only once for each function it appears in
make[1]: *** [CMakeFiles/cmTC_9eeeb.dir/build.make:78: CMakeFiles/cmTC_9eeeb.dir/CheckSymbolExists.c.o] Error 1
make[1]: Leaving directory '/nfshome/bjung022/Project/ShaftDB/build/CMakeFiles/CMakeTmp'
make: *** [Makefile:127: cmTC_9eeeb/fast] Error 2


File /nfshome/bjung022/Project/ShaftDB/build/CMakeFiles/CMakeTmp/CheckSymbolExists.c:
/* */
#include <string.h>

int main(int argc, char** argv)
{
  (void)argv;
#ifndef explicit_memset
  return ((int*)(&explicit_memset))[argc];
#else
  (void)argc;
  return 0;
#endif
}
Performing C SOURCE FILE Test CMAKE_HAVE_LIBC_PTHREAD failed with the following output:
Change Dir: /nfshome/bjung022/Project/ShaftDB/build/CMakeFiles/CMakeTmp

Run Build Command(s):/usr/bin/make -f Makefile cmTC_60494/fast && make: Warning: File 'Makefile' has modification time 0.1 s in the future
/usr/bin/make  -f CMakeFiles/cmTC_60494.dir/build.make CMakeFiles/cmTC_60494.dir/build
make[1]: Entering directory '/nfshome/bjung022/Project/ShaftDB/build/CMakeFiles/CMakeTmp'
make[1]: Warning: File 'CMakeFiles/cmTC_60494.dir/flags.make' has modification time 0.097 s in the future
Building C object CMakeFiles/cmTC_60494.dir/src.c.o
/usr/bin/cc -DCMAKE_HAVE_LIBC_PTHREAD  -fPIE -o CMakeFiles/cmTC_60494.dir/src.c.o -c /nfshome/bjung022/Project/ShaftDB/build/CMakeFiles/CMakeTmp/src.c
Linking C executable cmTC_60494
/usr/local/bin/cmake -E cmake_link_script CMakeFiles/cmTC_60494.dir/link.txt --verbose=1
/usr/bin/cc CMakeFiles/cmTC_60494.dir/src.c.o -o cmTC_60494 
/usr/bin/ld: CMakeFiles/cmTC_60494.dir/src.c.o: in function `main':
src.c:(.text+0x46): undefined reference to `pthread_create'
/usr/bin/ld: src.c:(.text+0x52): undefined reference to `pthread_detach'
/usr/bin/ld: src.c:(.text+0x5e): undefined reference to `pthread_cancel'
/usr/bin/ld: src.c:(.text+0x6f): undefined reference to `pthread_join'
collect2: error: ld returned 1 exit status
make[1]: *** [CMakeFiles/cmTC_60494.dir/build.make:99: cmTC_60494] Error 1
make[1]: Leaving directory '/nfshome/bjung022/Project/ShaftDB/build/CMakeFiles/CMakeTmp'
make: *** [Makefile:127: cmTC_60494/fast] Error 2


Source file was:
#include <pthread.h>

static void* test_func(void* data)
{
  return data;
}

int main(void)
{
  pthread_t thread;
  pthread_create(&thread, NULL, test_func, NULL);
  pthread_detach(thread);
  pthread_cancel(thread);
  pthread_join(thread, NULL);
  pthread_atfork(NULL, NULL, NULL);
  pthread_exit(NULL);

  return 0;
}

